

Microchip MPLAB XC8 Assembler V2.10 build 88905656 
                                                                                               Sun Feb 09 20:21:31 2020

Microchip MPLAB XC8 C Compiler v2.10 (Free license) build 20190730164152 Og1 
     1                           	processor	16F887
     2                           	opt	pw 120
     3                           	opt	flic
     4                           	psect	cinit,global,class=CODE,merge=1,delta=2
     5                           	psect	bssCOMMON,global,class=COMMON,space=1,delta=1
     6                           	psect	cstackCOMMON,global,class=COMMON,space=1,delta=1
     7                           	psect	maintext,global,class=CODE,split=1,delta=2
     8                           	psect	text1,local,class=CODE,merge=1,delta=2
     9                           	psect	text2,local,class=CODE,merge=1,delta=2
    10                           	psect	text3,local,class=CODE,merge=1,delta=2
    11                           	psect	intentry,global,class=CODE,delta=2
    12                           	dabs	1,0x7E,2
    13  0000                     
    14                           ; Version 2.10
    15                           ; Generated 31/07/2019 GMT
    16                           ; 
    17                           ; Copyright © 2019, Microchip Technology Inc. and its subsidiaries ("Microchip")
    18                           ; All rights reserved.
    19                           ; 
    20                           ; This software is developed by Microchip Technology Inc. and its subsidiaries ("Microch
      +                          ip").
    21                           ; 
    22                           ; Redistribution and use in source and binary forms, with or without modification, are
    23                           ; permitted provided that the following conditions are met:
    24                           ; 
    25                           ;     1. Redistributions of source code must retain the above copyright notice, this lis
      +                          t of
    26                           ;        conditions and the following disclaimer.
    27                           ; 
    28                           ;     2. Redistributions in binary form must reproduce the above copyright notice, this 
      +                          list
    29                           ;        of conditions and the following disclaimer in the documentation and/or other
    30                           ;        materials provided with the distribution.
    31                           ; 
    32                           ;     3. Microchip's name may not be used to endorse or promote products derived from th
      +                          is
    33                           ;        software without specific prior written permission.
    34                           ; 
    35                           ; THIS SOFTWARE IS PROVIDED BY MICROCHIP "AS IS" AND ANY EXPRESS OR IMPLIED WARRANTIES,
    36                           ; INCLUDING, BUT NOT LIMITED TO, THE IMPLIED WARRANTIES OF MERCHANTABILITY AND FITNESS F
      +                          OR
    37                           ; PURPOSE ARE DISCLAIMED.  IN NO EVENT SHALL MICROCHIP BE LIABLE FOR ANY DIRECT, INDIREC
      +                          T,
    38                           ; INCIDENTAL, SPECIAL, EXEMPLARY, OR CONSEQUENTIAL DAMAGES (INCLUDING BUT NOT LIMITED TO
    39                           ; PROCUREMENT OF SUBSTITUTE GOODS OR SERVICES; LOSS OF USE, DATA OR PROFITS; OR BUSINESS
    40                           ; INTERRUPTION) HOWSOEVER CAUSED AND ON ANY THEORY OF LIABILITY, WHETHER IN CONTRACT, ST
      +                          RICT
    41                           ; LIABILITY, OR TORT (INCLUDING NEGLIGENCE OR OTHERWISE) ARISING IN ANY WAY OUT OF THE U
      +                          SE OF
    42                           ; THIS SOFTWARE, EVEN IF ADVISED OF THE POSSIBILITY OF SUCH DAMAGE.
    43                           ; 
    44                           ; 
    45                           ; Code-generator required, PIC16F887 Definitions
    46                           ; 
    47                           ; SFR Addresses
    48  0000                     	;# 
    49  0001                     	;# 
    50  0002                     	;# 
    51  0003                     	;# 
    52  0004                     	;# 
    53  0005                     	;# 
    54  0006                     	;# 
    55  0007                     	;# 
    56  0008                     	;# 
    57  0009                     	;# 
    58  000A                     	;# 
    59  000B                     	;# 
    60  000C                     	;# 
    61  000D                     	;# 
    62  000E                     	;# 
    63  000E                     	;# 
    64  000F                     	;# 
    65  0010                     	;# 
    66  0011                     	;# 
    67  0012                     	;# 
    68  0013                     	;# 
    69  0014                     	;# 
    70  0015                     	;# 
    71  0015                     	;# 
    72  0016                     	;# 
    73  0017                     	;# 
    74  0018                     	;# 
    75  0019                     	;# 
    76  001A                     	;# 
    77  001B                     	;# 
    78  001B                     	;# 
    79  001C                     	;# 
    80  001D                     	;# 
    81  001E                     	;# 
    82  001F                     	;# 
    83  0081                     	;# 
    84  0085                     	;# 
    85  0086                     	;# 
    86  0087                     	;# 
    87  0088                     	;# 
    88  0089                     	;# 
    89  008C                     	;# 
    90  008D                     	;# 
    91  008E                     	;# 
    92  008F                     	;# 
    93  0090                     	;# 
    94  0091                     	;# 
    95  0092                     	;# 
    96  0093                     	;# 
    97  0093                     	;# 
    98  0093                     	;# 
    99  0094                     	;# 
   100  0095                     	;# 
   101  0096                     	;# 
   102  0097                     	;# 
   103  0098                     	;# 
   104  0099                     	;# 
   105  009A                     	;# 
   106  009B                     	;# 
   107  009C                     	;# 
   108  009D                     	;# 
   109  009E                     	;# 
   110  009F                     	;# 
   111  0105                     	;# 
   112  0107                     	;# 
   113  0108                     	;# 
   114  0109                     	;# 
   115  010C                     	;# 
   116  010C                     	;# 
   117  010D                     	;# 
   118  010E                     	;# 
   119  010F                     	;# 
   120  0185                     	;# 
   121  0187                     	;# 
   122  0188                     	;# 
   123  0189                     	;# 
   124  018C                     	;# 
   125  018D                     	;# 
   126  0000                     	;# 
   127  0001                     	;# 
   128  0002                     	;# 
   129  0003                     	;# 
   130  0004                     	;# 
   131  0005                     	;# 
   132  0006                     	;# 
   133  0007                     	;# 
   134  0008                     	;# 
   135  0009                     	;# 
   136  000A                     	;# 
   137  000B                     	;# 
   138  000C                     	;# 
   139  000D                     	;# 
   140  000E                     	;# 
   141  000E                     	;# 
   142  000F                     	;# 
   143  0010                     	;# 
   144  0011                     	;# 
   145  0012                     	;# 
   146  0013                     	;# 
   147  0014                     	;# 
   148  0015                     	;# 
   149  0015                     	;# 
   150  0016                     	;# 
   151  0017                     	;# 
   152  0018                     	;# 
   153  0019                     	;# 
   154  001A                     	;# 
   155  001B                     	;# 
   156  001B                     	;# 
   157  001C                     	;# 
   158  001D                     	;# 
   159  001E                     	;# 
   160  001F                     	;# 
   161  0081                     	;# 
   162  0085                     	;# 
   163  0086                     	;# 
   164  0087                     	;# 
   165  0088                     	;# 
   166  0089                     	;# 
   167  008C                     	;# 
   168  008D                     	;# 
   169  008E                     	;# 
   170  008F                     	;# 
   171  0090                     	;# 
   172  0091                     	;# 
   173  0092                     	;# 
   174  0093                     	;# 
   175  0093                     	;# 
   176  0093                     	;# 
   177  0094                     	;# 
   178  0095                     	;# 
   179  0096                     	;# 
   180  0097                     	;# 
   181  0098                     	;# 
   182  0099                     	;# 
   183  009A                     	;# 
   184  009B                     	;# 
   185  009C                     	;# 
   186  009D                     	;# 
   187  009E                     	;# 
   188  009F                     	;# 
   189  0105                     	;# 
   190  0107                     	;# 
   191  0108                     	;# 
   192  0109                     	;# 
   193  010C                     	;# 
   194  010C                     	;# 
   195  010D                     	;# 
   196  010E                     	;# 
   197  010F                     	;# 
   198  0185                     	;# 
   199  0187                     	;# 
   200  0188                     	;# 
   201  0189                     	;# 
   202  018C                     	;# 
   203  018D                     	;# 
   204  0000                     	;# 
   205  0001                     	;# 
   206  0002                     	;# 
   207  0003                     	;# 
   208  0004                     	;# 
   209  0005                     	;# 
   210  0006                     	;# 
   211  0007                     	;# 
   212  0008                     	;# 
   213  0009                     	;# 
   214  000A                     	;# 
   215  000B                     	;# 
   216  000C                     	;# 
   217  000D                     	;# 
   218  000E                     	;# 
   219  000E                     	;# 
   220  000F                     	;# 
   221  0010                     	;# 
   222  0011                     	;# 
   223  0012                     	;# 
   224  0013                     	;# 
   225  0014                     	;# 
   226  0015                     	;# 
   227  0015                     	;# 
   228  0016                     	;# 
   229  0017                     	;# 
   230  0018                     	;# 
   231  0019                     	;# 
   232  001A                     	;# 
   233  001B                     	;# 
   234  001B                     	;# 
   235  001C                     	;# 
   236  001D                     	;# 
   237  001E                     	;# 
   238  001F                     	;# 
   239  0081                     	;# 
   240  0085                     	;# 
   241  0086                     	;# 
   242  0087                     	;# 
   243  0088                     	;# 
   244  0089                     	;# 
   245  008C                     	;# 
   246  008D                     	;# 
   247  008E                     	;# 
   248  008F                     	;# 
   249  0090                     	;# 
   250  0091                     	;# 
   251  0092                     	;# 
   252  0093                     	;# 
   253  0093                     	;# 
   254  0093                     	;# 
   255  0094                     	;# 
   256  0095                     	;# 
   257  0096                     	;# 
   258  0097                     	;# 
   259  0098                     	;# 
   260  0099                     	;# 
   261  009A                     	;# 
   262  009B                     	;# 
   263  009C                     	;# 
   264  009D                     	;# 
   265  009E                     	;# 
   266  009F                     	;# 
   267  0105                     	;# 
   268  0107                     	;# 
   269  0108                     	;# 
   270  0109                     	;# 
   271  010C                     	;# 
   272  010C                     	;# 
   273  010D                     	;# 
   274  010E                     	;# 
   275  010F                     	;# 
   276  0185                     	;# 
   277  0187                     	;# 
   278  0188                     	;# 
   279  0189                     	;# 
   280  018C                     	;# 
   281  018D                     	;# 
   282  0000                     	;# 
   283  0001                     	;# 
   284  0002                     	;# 
   285  0003                     	;# 
   286  0004                     	;# 
   287  0005                     	;# 
   288  0006                     	;# 
   289  0007                     	;# 
   290  0008                     	;# 
   291  0009                     	;# 
   292  000A                     	;# 
   293  000B                     	;# 
   294  000C                     	;# 
   295  000D                     	;# 
   296  000E                     	;# 
   297  000E                     	;# 
   298  000F                     	;# 
   299  0010                     	;# 
   300  0011                     	;# 
   301  0012                     	;# 
   302  0013                     	;# 
   303  0014                     	;# 
   304  0015                     	;# 
   305  0015                     	;# 
   306  0016                     	;# 
   307  0017                     	;# 
   308  0018                     	;# 
   309  0019                     	;# 
   310  001A                     	;# 
   311  001B                     	;# 
   312  001B                     	;# 
   313  001C                     	;# 
   314  001D                     	;# 
   315  001E                     	;# 
   316  001F                     	;# 
   317  0081                     	;# 
   318  0085                     	;# 
   319  0086                     	;# 
   320  0087                     	;# 
   321  0088                     	;# 
   322  0089                     	;# 
   323  008C                     	;# 
   324  008D                     	;# 
   325  008E                     	;# 
   326  008F                     	;# 
   327  0090                     	;# 
   328  0091                     	;# 
   329  0092                     	;# 
   330  0093                     	;# 
   331  0093                     	;# 
   332  0093                     	;# 
   333  0094                     	;# 
   334  0095                     	;# 
   335  0096                     	;# 
   336  0097                     	;# 
   337  0098                     	;# 
   338  0099                     	;# 
   339  009A                     	;# 
   340  009B                     	;# 
   341  009C                     	;# 
   342  009D                     	;# 
   343  009E                     	;# 
   344  009F                     	;# 
   345  0105                     	;# 
   346  0107                     	;# 
   347  0108                     	;# 
   348  0109                     	;# 
   349  010C                     	;# 
   350  010C                     	;# 
   351  010D                     	;# 
   352  010E                     	;# 
   353  010F                     	;# 
   354  0185                     	;# 
   355  0187                     	;# 
   356  0188                     	;# 
   357  0189                     	;# 
   358  018C                     	;# 
   359  018D                     	;# 
   360  000B                     _INTCONbits	set	11
   361  000C                     _PIR1bits	set	12
   362  0008                     _PORTD	set	8
   363  0006                     _PORTB	set	6
   364  001E                     _ADRESH	set	30
   365  001F                     _ADCON0bits	set	31
   366  0066                     _ADIF	set	102
   367  0047                     _RD7	set	71
   368  0045                     _RD5	set	69
   369  0037                     _RB7	set	55
   370  0036                     _RB6	set	54
   371  0035                     _RB5	set	53
   372  0034                     _RB4	set	52
   373  0033                     _RB3	set	51
   374  0032                     _RB2	set	50
   375  0031                     _RB1	set	49
   376  0030                     _RB0	set	48
   377  009F                     _ADCON1bits	set	159
   378  008C                     _PIE1bits	set	140
   379  0088                     _TRISD	set	136
   380  0086                     _TRISB	set	134
   381  0085                     _TRISA	set	133
   382  0189                     _ANSELH	set	393
   383  0188                     _ANSELbits	set	392
   384                           
   385                           ; #config settings
   386  0000                     
   387                           	psect	cinit
   388  000F                     start_initialization:	
   389  000F                     __initialization:	
   390                           
   391                           ; Clear objects allocated to COMMON
   392  000F  01F9               	clrf	__pbssCOMMON& (0+127)
   393  0010  01FA               	clrf	(__pbssCOMMON+1)& (0+127)
   394  0011                     end_of_initialization:	
   395                           ;End of C runtime variable initialization code
   396                           
   397  0011                     __end_of__initialization:	
   398  0011  0183               	clrf	3
   399  0012  120A  118A  2909   	ljmp	_main	;jump to C main() function
   400                           
   401                           	psect	bssCOMMON
   402  0079                     __pbssCOMMON:	
   403  0079                     _pot2:	
   404  0079                     	ds	1
   405  007A                     _pot1:	
   406  007A                     	ds	1
   407                           
   408                           	psect	cstackCOMMON
   409  0070                     __pcstackCOMMON:	
   410  0070                     ?_Port_init:	
   411  0070                     ?_isr:	
   412                           ; 1 bytes @ 0x0
   413                           
   414  0070                     ??_isr:	
   415                           ; 1 bytes @ 0x0
   416                           
   417  0070                     ?_main:	
   418                           ; 1 bytes @ 0x0
   419                           
   420                           
   421                           ; 1 bytes @ 0x0
   422  0070                     	ds	3
   423  0073                     ??_Port_init:	
   424  0073                     ?_ADC_init:	
   425                           ; 1 bytes @ 0x3
   426                           
   427  0073                     ADC_init@channel:	
   428                           ; 1 bytes @ 0x3
   429                           
   430                           
   431                           ; 1 bytes @ 0x3
   432  0073                     	ds	1
   433  0074                     ADC_init@int_on:	
   434                           
   435                           ; 1 bytes @ 0x4
   436  0074                     	ds	1
   437  0075                     ADC_init@left_or_right:	
   438                           
   439                           ; 1 bytes @ 0x5
   440  0075                     	ds	1
   441  0076                     ??_ADC_init:	
   442                           
   443                           ; 1 bytes @ 0x6
   444  0076                     	ds	2
   445  0078                     ADC_init@Fosc:	
   446                           
   447                           ; 1 bytes @ 0x8
   448  0078                     	ds	1
   449  0079                     ??_main:	
   450                           
   451                           	psect	maintext
   452  0109                     __pmaintext:	
   453                           ; 1 bytes @ 0x9
   454 ;;
   455 ;;Main: autosize = 0, tempsize = 0, incstack = 0, save=0
   456 ;;
   457 ;; *************** function _main *****************
   458 ;; Defined at:
   459 ;;		line 44 in file "main_lab3.c"
   460 ;; Parameters:    Size  Location     Type
   461 ;;		None
   462 ;; Auto vars:     Size  Location     Type
   463 ;;		None
   464 ;; Return value:  Size  Location     Type
   465 ;;                  1    wreg      void 
   466 ;; Registers used:
   467 ;;		wreg, fsr0l, fsr0h, status,2, status,0, pclath, cstack
   468 ;; Tracked objects:
   469 ;;		On entry : B00/0
   470 ;;		On exit  : 0/0
   471 ;;		Unchanged: 0/0
   472 ;; Data sizes:     COMMON   BANK0   BANK1   BANK3   BANK2
   473 ;;      Params:         0       0       0       0       0
   474 ;;      Locals:         0       0       0       0       0
   475 ;;      Temps:          0       0       0       0       0
   476 ;;      Totals:         0       0       0       0       0
   477 ;;Total ram usage:        0 bytes
   478 ;; Hardware stack levels required when called:    2
   479 ;; This function calls:
   480 ;;		_ADC_init
   481 ;;		_Port_init
   482 ;; This function is called by:
   483 ;;		Startup code after reset
   484 ;; This function uses a non-reentrant model
   485 ;;
   486                           
   487                           
   488                           ;psect for function _main
   489  0109                     _main:	
   490  0109                     l979:	
   491                           ;incstack = 0
   492                           ; Regs used in _main: [wreg-fsr0h+status,2+status,0+pclath+cstack]
   493                           
   494                           
   495                           ;main_lab3.c: 45:     Port_init();
   496  0109  120A  118A  20F3  120A  118A  	fcall	_Port_init
   497  010E                     l981:	
   498                           
   499                           ;main_lab3.c: 46:     ADC_init(1,0,1,0);
   500  010E  01F3               	clrf	ADC_init@channel
   501  010F  01F4               	clrf	ADC_init@int_on
   502  0110  0AF4               	incf	ADC_init@int_on,f
   503  0111  01F5               	clrf	ADC_init@left_or_right
   504  0112  3001               	movlw	1
   505  0113  120A  118A  2015  120A  118A  	fcall	_ADC_init
   506  0118                     l112:	
   507                           ;main_lab3.c: 47:     while(1){
   508                           
   509  0118                     l113:	
   510                           ;main_lab3.c: 50:     }
   511                           
   512  0118  2918               	goto	l112
   513  0119  120A  118A  280C   	ljmp	start
   514  011C                     __end_of_main:	
   515                           
   516                           	psect	text1
   517  00F3                     __ptext1:	
   518 ;; *************** function _Port_init *****************
   519 ;; Defined at:
   520 ;;		line 54 in file "main_lab3.c"
   521 ;; Parameters:    Size  Location     Type
   522 ;;		None
   523 ;; Auto vars:     Size  Location     Type
   524 ;;		None
   525 ;; Return value:  Size  Location     Type
   526 ;;                  1    wreg      void 
   527 ;; Registers used:
   528 ;;		wreg, status,2
   529 ;; Tracked objects:
   530 ;;		On entry : 0/0
   531 ;;		On exit  : 0/0
   532 ;;		Unchanged: 0/0
   533 ;; Data sizes:     COMMON   BANK0   BANK1   BANK3   BANK2
   534 ;;      Params:         0       0       0       0       0
   535 ;;      Locals:         0       0       0       0       0
   536 ;;      Temps:          0       0       0       0       0
   537 ;;      Totals:         0       0       0       0       0
   538 ;;Total ram usage:        0 bytes
   539 ;; Hardware stack levels used:    1
   540 ;; Hardware stack levels required when called:    1
   541 ;; This function calls:
   542 ;;		Nothing
   543 ;; This function is called by:
   544 ;;		_main
   545 ;; This function uses a non-reentrant model
   546 ;;
   547                           
   548                           
   549                           ;psect for function _Port_init
   550  00F3                     _Port_init:	
   551  00F3                     l795:	
   552                           ;incstack = 0
   553                           ; Regs used in _Port_init: [wreg+status,2]
   554                           
   555                           
   556                           ;main_lab3.c: 55:     TRISA = 1;
   557  00F3  3001               	movlw	1
   558  00F4  1683               	bsf	3,5	;RP0=1, select bank1
   559  00F5  1303               	bcf	3,6	;RP1=0, select bank1
   560  00F6  0085               	movwf	5	;volatile
   561  00F7                     l797:	
   562                           
   563                           ;main_lab3.c: 56:     ANSELbits.ANS0 = 1;
   564  00F7  1683               	bsf	3,5	;RP0=1, select bank3
   565  00F8  1703               	bsf	3,6	;RP1=1, select bank3
   566  00F9  1408               	bsf	8,0	;volatile
   567  00FA                     l799:	
   568                           
   569                           ;main_lab3.c: 57:     ANSELbits.ANS1 = 1;
   570  00FA  1488               	bsf	8,1	;volatile
   571  00FB                     l801:	
   572                           
   573                           ;main_lab3.c: 58:     ANSELH = 0;
   574  00FB  0189               	clrf	9	;volatile
   575  00FC                     l803:	
   576                           
   577                           ;main_lab3.c: 59:     TRISB = 0;
   578  00FC  1683               	bsf	3,5	;RP0=1, select bank1
   579  00FD  1303               	bcf	3,6	;RP1=0, select bank1
   580  00FE  0186               	clrf	6	;volatile
   581  00FF                     l805:	
   582                           
   583                           ;main_lab3.c: 60:     PORTB = 0;
   584  00FF  1283               	bcf	3,5	;RP0=0, select bank0
   585  0100  1303               	bcf	3,6	;RP1=0, select bank0
   586  0101  0186               	clrf	6	;volatile
   587  0102                     l807:	
   588                           
   589                           ;main_lab3.c: 61:     TRISD = 0;
   590  0102  1683               	bsf	3,5	;RP0=1, select bank1
   591  0103  1303               	bcf	3,6	;RP1=0, select bank1
   592  0104  0188               	clrf	8	;volatile
   593  0105                     l809:	
   594                           
   595                           ;main_lab3.c: 62:     PORTD = 0;
   596  0105  1283               	bcf	3,5	;RP0=0, select bank0
   597  0106  1303               	bcf	3,6	;RP1=0, select bank0
   598  0107  0188               	clrf	8	;volatile
   599  0108                     l118:	
   600  0108  0008               	return
   601  0109                     __end_of_Port_init:	
   602                           
   603                           	psect	text2
   604  0015                     __ptext2:	
   605 ;; *************** function _ADC_init *****************
   606 ;; Defined at:
   607 ;;		line 29 in file "../../../../../../MPLABXProjects/Laboratorio2_2.X/ADCmain.c"
   608 ;; Parameters:    Size  Location     Type
   609 ;;  Fosc            1    wreg     unsigned char 
   610 ;;  channel         1    3[COMMON] unsigned char 
   611 ;;  int_on          1    4[COMMON] unsigned char 
   612 ;;  left_or_righ    1    5[COMMON] unsigned char 
   613 ;; Auto vars:     Size  Location     Type
   614 ;;  Fosc            1    8[COMMON] unsigned char 
   615 ;; Return value:  Size  Location     Type
   616 ;;                  1    wreg      void 
   617 ;; Registers used:
   618 ;;		wreg, fsr0l, fsr0h, status,2, status,0
   619 ;; Tracked objects:
   620 ;;		On entry : 0/0
   621 ;;		On exit  : 0/0
   622 ;;		Unchanged: 0/0
   623 ;; Data sizes:     COMMON   BANK0   BANK1   BANK3   BANK2
   624 ;;      Params:         3       0       0       0       0
   625 ;;      Locals:         1       0       0       0       0
   626 ;;      Temps:          2       0       0       0       0
   627 ;;      Totals:         6       0       0       0       0
   628 ;;Total ram usage:        6 bytes
   629 ;; Hardware stack levels used:    1
   630 ;; Hardware stack levels required when called:    1
   631 ;; This function calls:
   632 ;;		Nothing
   633 ;; This function is called by:
   634 ;;		_main
   635 ;; This function uses a non-reentrant model
   636 ;;
   637                           
   638                           
   639                           ;psect for function _ADC_init
   640  0015                     _ADC_init:	
   641                           
   642                           ;incstack = 0
   643                           ; Regs used in _ADC_init: [wreg-fsr0h+status,2+status,0]
   644                           ;ADC_init@Fosc stored from wreg
   645  0015  00F8               	movwf	ADC_init@Fosc
   646  0016                     l949:	
   647                           
   648                           ;../../../../../../MPLABXProjects/Laboratorio2_2.X/ADCmain.c: 30:     switch (Fosc) {
   649  0016  2830               	goto	l953
   650  0017                     l142:	
   651                           ;../../../../../../MPLABXProjects/Laboratorio2_2.X/ADCmain.c: 31:         case 0:
   652                           
   653                           
   654                           ;../../../../../../MPLABXProjects/Laboratorio2_2.X/ADCmain.c: 32:             ADCON0bits
      +                          .ADCS1 = 0;
   655  0017  1283               	bcf	3,5	;RP0=0, select bank0
   656  0018  1303               	bcf	3,6	;RP1=0, select bank0
   657  0019  139F               	bcf	31,7	;volatile
   658                           
   659                           ;../../../../../../MPLABXProjects/Laboratorio2_2.X/ADCmain.c: 33:             ADCON0bits
      +                          .ADCS0 = 0;
   660  001A  131F               	bcf	31,6	;volatile
   661                           
   662                           ;../../../../../../MPLABXProjects/Laboratorio2_2.X/ADCmain.c: 34:             break;
   663  001B  288C               	goto	l957
   664  001C                     l144:	
   665                           ;../../../../../../MPLABXProjects/Laboratorio2_2.X/ADCmain.c: 35:         case 1:
   666                           
   667                           
   668                           ;../../../../../../MPLABXProjects/Laboratorio2_2.X/ADCmain.c: 36:             ADCON0bits
      +                          .ADCS1 = 0;
   669  001C  1283               	bcf	3,5	;RP0=0, select bank0
   670  001D  1303               	bcf	3,6	;RP1=0, select bank0
   671  001E  139F               	bcf	31,7	;volatile
   672                           
   673                           ;../../../../../../MPLABXProjects/Laboratorio2_2.X/ADCmain.c: 37:             ADCON0bits
      +                          .ADCS0 = 1;
   674  001F  171F               	bsf	31,6	;volatile
   675                           
   676                           ;../../../../../../MPLABXProjects/Laboratorio2_2.X/ADCmain.c: 38:             break;
   677  0020  288C               	goto	l957
   678  0021                     l145:	
   679                           ;../../../../../../MPLABXProjects/Laboratorio2_2.X/ADCmain.c: 39:         case 2:
   680                           
   681                           
   682                           ;../../../../../../MPLABXProjects/Laboratorio2_2.X/ADCmain.c: 40:             ADCON0bits
      +                          .ADCS1 = 1;
   683  0021  1283               	bcf	3,5	;RP0=0, select bank0
   684  0022  1303               	bcf	3,6	;RP1=0, select bank0
   685  0023  179F               	bsf	31,7	;volatile
   686                           
   687                           ;../../../../../../MPLABXProjects/Laboratorio2_2.X/ADCmain.c: 41:             ADCON0bits
      +                          .ADCS0 = 0;
   688  0024  131F               	bcf	31,6	;volatile
   689                           
   690                           ;../../../../../../MPLABXProjects/Laboratorio2_2.X/ADCmain.c: 42:             break;
   691  0025  288C               	goto	l957
   692  0026                     l146:	
   693                           ;../../../../../../MPLABXProjects/Laboratorio2_2.X/ADCmain.c: 43:         case 3:
   694                           
   695                           
   696                           ;../../../../../../MPLABXProjects/Laboratorio2_2.X/ADCmain.c: 44:             ADCON0bits
      +                          .ADCS1 = 1;
   697  0026  1283               	bcf	3,5	;RP0=0, select bank0
   698  0027  1303               	bcf	3,6	;RP1=0, select bank0
   699  0028  179F               	bsf	31,7	;volatile
   700                           
   701                           ;../../../../../../MPLABXProjects/Laboratorio2_2.X/ADCmain.c: 45:             ADCON0bits
      +                          .ADCS0 = 1;
   702  0029  171F               	bsf	31,6	;volatile
   703                           
   704                           ;../../../../../../MPLABXProjects/Laboratorio2_2.X/ADCmain.c: 46:             break;
   705  002A  288C               	goto	l957
   706  002B                     l147:	
   707                           ;../../../../../../MPLABXProjects/Laboratorio2_2.X/ADCmain.c: 47:         default:
   708                           
   709                           
   710                           ;../../../../../../MPLABXProjects/Laboratorio2_2.X/ADCmain.c: 48:             ADCON0bits
      +                          .ADCS1 = 0;
   711  002B  1283               	bcf	3,5	;RP0=0, select bank0
   712  002C  1303               	bcf	3,6	;RP1=0, select bank0
   713  002D  139F               	bcf	31,7	;volatile
   714                           
   715                           ;../../../../../../MPLABXProjects/Laboratorio2_2.X/ADCmain.c: 49:             ADCON0bits
      +                          .ADCS0 = 1;
   716  002E  171F               	bsf	31,6	;volatile
   717                           
   718                           ;../../../../../../MPLABXProjects/Laboratorio2_2.X/ADCmain.c: 50:             break;
   719  002F  288C               	goto	l957
   720  0030                     l953:	
   721  0030  0878               	movf	ADC_init@Fosc,w
   722  0031  00F6               	movwf	??_ADC_init
   723  0032  01F7               	clrf	??_ADC_init+1
   724                           
   725                           ; Switch on 2 bytes has been partitioned into a top level switch of size 1, and 1 sub-sw
      +                          itches
   726                           ; Switch size 1, requested type "simple"
   727                           ; Number of cases is 1, Range of values is 0 to 0
   728                           ; switch strategies available:
   729                           ; Name         Instructions Cycles
   730                           ; simple_byte            4     3 (average)
   731                           ; direct_byte           11     8 (fixed)
   732                           ; jumptable            260     6 (fixed)
   733                           ;	Chosen strategy is simple_byte
   734  0033  0877               	movf	??_ADC_init+1,w
   735  0034  3A00               	xorlw	0	; case 0
   736  0035  1903               	skipnz
   737  0036  2838               	goto	l1023
   738  0037  282B               	goto	l147
   739  0038                     l1023:	
   740                           
   741                           ; Switch size 1, requested type "simple"
   742                           ; Number of cases is 4, Range of values is 0 to 3
   743                           ; switch strategies available:
   744                           ; Name         Instructions Cycles
   745                           ; simple_byte           13     7 (average)
   746                           ; direct_byte           20     8 (fixed)
   747                           ; jumptable            260     6 (fixed)
   748                           ;	Chosen strategy is simple_byte
   749  0038  0876               	movf	??_ADC_init,w
   750  0039  3A00               	xorlw	0	; case 0
   751  003A  1903               	skipnz
   752  003B  2817               	goto	l142
   753  003C  3A01               	xorlw	1	; case 1
   754  003D  1903               	skipnz
   755  003E  281C               	goto	l144
   756  003F  3A03               	xorlw	3	; case 2
   757  0040  1903               	skipnz
   758  0041  2821               	goto	l145
   759  0042  3A01               	xorlw	1	; case 3
   760  0043  1903               	skipnz
   761  0044  2826               	goto	l146
   762  0045  282B               	goto	l147
   763  0046                     l149:	
   764                           ;../../../../../../MPLABXProjects/Laboratorio2_2.X/ADCmain.c: 54:         case 0:
   765                           
   766                           
   767                           ;../../../../../../MPLABXProjects/Laboratorio2_2.X/ADCmain.c: 55:             ADCON0bits
      +                          .CHS0 = 0;
   768  0046  111F               	bcf	31,2	;volatile
   769                           
   770                           ;../../../../../../MPLABXProjects/Laboratorio2_2.X/ADCmain.c: 56:             ADCON0bits
      +                          .CHS1 = 0;
   771  0047  119F               	bcf	31,3	;volatile
   772                           
   773                           ;../../../../../../MPLABXProjects/Laboratorio2_2.X/ADCmain.c: 57:             ADCON0bits
      +                          .CHS2 = 0;
   774  0048  121F               	bcf	31,4	;volatile
   775                           
   776                           ;../../../../../../MPLABXProjects/Laboratorio2_2.X/ADCmain.c: 58:             ADCON0bits
      +                          .CHS3 = 0;
   777  0049  129F               	bcf	31,5	;volatile
   778                           
   779                           ;../../../../../../MPLABXProjects/Laboratorio2_2.X/ADCmain.c: 59:             break;
   780  004A  28C0               	goto	l150
   781  004B                     l151:	
   782                           ;../../../../../../MPLABXProjects/Laboratorio2_2.X/ADCmain.c: 60:         case 1:
   783                           
   784                           
   785                           ;../../../../../../MPLABXProjects/Laboratorio2_2.X/ADCmain.c: 61:             ADCON0bits
      +                          .CHS0 = 1;
   786  004B  151F               	bsf	31,2	;volatile
   787                           
   788                           ;../../../../../../MPLABXProjects/Laboratorio2_2.X/ADCmain.c: 62:             ADCON0bits
      +                          .CHS1 = 0;
   789  004C  119F               	bcf	31,3	;volatile
   790                           
   791                           ;../../../../../../MPLABXProjects/Laboratorio2_2.X/ADCmain.c: 63:             ADCON0bits
      +                          .CHS2 = 0;
   792  004D  121F               	bcf	31,4	;volatile
   793                           
   794                           ;../../../../../../MPLABXProjects/Laboratorio2_2.X/ADCmain.c: 64:             ADCON0bits
      +                          .CHS3 = 0;
   795  004E  129F               	bcf	31,5	;volatile
   796                           
   797                           ;../../../../../../MPLABXProjects/Laboratorio2_2.X/ADCmain.c: 65:             break;
   798  004F  28C0               	goto	l150
   799  0050                     l152:	
   800                           ;../../../../../../MPLABXProjects/Laboratorio2_2.X/ADCmain.c: 66:         case 2:
   801                           
   802                           
   803                           ;../../../../../../MPLABXProjects/Laboratorio2_2.X/ADCmain.c: 67:             ADCON0bits
      +                          .CHS0 = 0;
   804  0050  111F               	bcf	31,2	;volatile
   805                           
   806                           ;../../../../../../MPLABXProjects/Laboratorio2_2.X/ADCmain.c: 68:             ADCON0bits
      +                          .CHS1 = 1;
   807  0051  159F               	bsf	31,3	;volatile
   808                           
   809                           ;../../../../../../MPLABXProjects/Laboratorio2_2.X/ADCmain.c: 69:             ADCON0bits
      +                          .CHS2 = 0;
   810  0052  121F               	bcf	31,4	;volatile
   811                           
   812                           ;../../../../../../MPLABXProjects/Laboratorio2_2.X/ADCmain.c: 70:             ADCON0bits
      +                          .CHS3 = 0;
   813  0053  129F               	bcf	31,5	;volatile
   814                           
   815                           ;../../../../../../MPLABXProjects/Laboratorio2_2.X/ADCmain.c: 71:             break;
   816  0054  28C0               	goto	l150
   817  0055                     l153:	
   818                           ;../../../../../../MPLABXProjects/Laboratorio2_2.X/ADCmain.c: 72:         case 3:
   819                           
   820                           
   821                           ;../../../../../../MPLABXProjects/Laboratorio2_2.X/ADCmain.c: 73:             ADCON0bits
      +                          .CHS0 = 1;
   822  0055  151F               	bsf	31,2	;volatile
   823                           
   824                           ;../../../../../../MPLABXProjects/Laboratorio2_2.X/ADCmain.c: 74:             ADCON0bits
      +                          .CHS1 = 1;
   825  0056  159F               	bsf	31,3	;volatile
   826                           
   827                           ;../../../../../../MPLABXProjects/Laboratorio2_2.X/ADCmain.c: 75:             ADCON0bits
      +                          .CHS2 = 0;
   828  0057  121F               	bcf	31,4	;volatile
   829                           
   830                           ;../../../../../../MPLABXProjects/Laboratorio2_2.X/ADCmain.c: 76:             ADCON0bits
      +                          .CHS3 = 0;
   831  0058  129F               	bcf	31,5	;volatile
   832                           
   833                           ;../../../../../../MPLABXProjects/Laboratorio2_2.X/ADCmain.c: 77:             break;
   834  0059  28C0               	goto	l150
   835  005A                     l154:	
   836                           ;../../../../../../MPLABXProjects/Laboratorio2_2.X/ADCmain.c: 78:         case 4:
   837                           
   838                           
   839                           ;../../../../../../MPLABXProjects/Laboratorio2_2.X/ADCmain.c: 79:             ADCON0bits
      +                          .CHS0 = 0;
   840  005A  111F               	bcf	31,2	;volatile
   841                           
   842                           ;../../../../../../MPLABXProjects/Laboratorio2_2.X/ADCmain.c: 80:             ADCON0bits
      +                          .CHS1 = 0;
   843  005B  119F               	bcf	31,3	;volatile
   844                           
   845                           ;../../../../../../MPLABXProjects/Laboratorio2_2.X/ADCmain.c: 81:             ADCON0bits
      +                          .CHS2 = 1;
   846  005C  161F               	bsf	31,4	;volatile
   847                           
   848                           ;../../../../../../MPLABXProjects/Laboratorio2_2.X/ADCmain.c: 82:             ADCON0bits
      +                          .CHS3 = 0;
   849  005D  129F               	bcf	31,5	;volatile
   850                           
   851                           ;../../../../../../MPLABXProjects/Laboratorio2_2.X/ADCmain.c: 83:             break;
   852  005E  28C0               	goto	l150
   853  005F                     l155:	
   854                           ;../../../../../../MPLABXProjects/Laboratorio2_2.X/ADCmain.c: 84:         case 5:
   855                           
   856                           
   857                           ;../../../../../../MPLABXProjects/Laboratorio2_2.X/ADCmain.c: 85:             ADCON0bits
      +                          .CHS0 = 1;
   858  005F  151F               	bsf	31,2	;volatile
   859                           
   860                           ;../../../../../../MPLABXProjects/Laboratorio2_2.X/ADCmain.c: 86:             ADCON0bits
      +                          .CHS1 = 0;
   861  0060  119F               	bcf	31,3	;volatile
   862                           
   863                           ;../../../../../../MPLABXProjects/Laboratorio2_2.X/ADCmain.c: 87:             ADCON0bits
      +                          .CHS2 = 1;
   864  0061  161F               	bsf	31,4	;volatile
   865                           
   866                           ;../../../../../../MPLABXProjects/Laboratorio2_2.X/ADCmain.c: 88:             ADCON0bits
      +                          .CHS3 = 0;
   867  0062  129F               	bcf	31,5	;volatile
   868                           
   869                           ;../../../../../../MPLABXProjects/Laboratorio2_2.X/ADCmain.c: 89:             break;
   870  0063  28C0               	goto	l150
   871  0064                     l156:	
   872                           ;../../../../../../MPLABXProjects/Laboratorio2_2.X/ADCmain.c: 90:         case 6:
   873                           
   874                           
   875                           ;../../../../../../MPLABXProjects/Laboratorio2_2.X/ADCmain.c: 91:             ADCON0bits
      +                          .CHS0 = 0;
   876  0064  111F               	bcf	31,2	;volatile
   877                           
   878                           ;../../../../../../MPLABXProjects/Laboratorio2_2.X/ADCmain.c: 92:             ADCON0bits
      +                          .CHS1 = 1;
   879  0065  159F               	bsf	31,3	;volatile
   880                           
   881                           ;../../../../../../MPLABXProjects/Laboratorio2_2.X/ADCmain.c: 93:             ADCON0bits
      +                          .CHS2 = 1;
   882  0066  161F               	bsf	31,4	;volatile
   883                           
   884                           ;../../../../../../MPLABXProjects/Laboratorio2_2.X/ADCmain.c: 94:             ADCON0bits
      +                          .CHS3 = 0;
   885  0067  129F               	bcf	31,5	;volatile
   886                           
   887                           ;../../../../../../MPLABXProjects/Laboratorio2_2.X/ADCmain.c: 95:             break;
   888  0068  28C0               	goto	l150
   889  0069                     l157:	
   890                           ;../../../../../../MPLABXProjects/Laboratorio2_2.X/ADCmain.c: 96:         case 7:
   891                           
   892                           
   893                           ;../../../../../../MPLABXProjects/Laboratorio2_2.X/ADCmain.c: 97:             ADCON0bits
      +                          .CHS0 = 1;
   894  0069  151F               	bsf	31,2	;volatile
   895                           
   896                           ;../../../../../../MPLABXProjects/Laboratorio2_2.X/ADCmain.c: 98:             ADCON0bits
      +                          .CHS1 = 1;
   897  006A  159F               	bsf	31,3	;volatile
   898                           
   899                           ;../../../../../../MPLABXProjects/Laboratorio2_2.X/ADCmain.c: 99:             ADCON0bits
      +                          .CHS2 = 1;
   900  006B  161F               	bsf	31,4	;volatile
   901                           
   902                           ;../../../../../../MPLABXProjects/Laboratorio2_2.X/ADCmain.c: 100:             ADCON0bit
      +                          s.CHS3 = 0;
   903  006C  129F               	bcf	31,5	;volatile
   904                           
   905                           ;../../../../../../MPLABXProjects/Laboratorio2_2.X/ADCmain.c: 101:             break;
   906  006D  28C0               	goto	l150
   907  006E                     l158:	
   908                           ;../../../../../../MPLABXProjects/Laboratorio2_2.X/ADCmain.c: 102:         case 8:
   909                           
   910                           
   911                           ;../../../../../../MPLABXProjects/Laboratorio2_2.X/ADCmain.c: 103:             ADCON0bit
      +                          s.CHS0 = 0;
   912  006E  111F               	bcf	31,2	;volatile
   913                           
   914                           ;../../../../../../MPLABXProjects/Laboratorio2_2.X/ADCmain.c: 104:             ADCON0bit
      +                          s.CHS1 = 0;
   915  006F  119F               	bcf	31,3	;volatile
   916                           
   917                           ;../../../../../../MPLABXProjects/Laboratorio2_2.X/ADCmain.c: 105:             ADCON0bit
      +                          s.CHS2 = 0;
   918  0070  121F               	bcf	31,4	;volatile
   919                           
   920                           ;../../../../../../MPLABXProjects/Laboratorio2_2.X/ADCmain.c: 106:             ADCON0bit
      +                          s.CHS3 = 1;
   921  0071  169F               	bsf	31,5	;volatile
   922                           
   923                           ;../../../../../../MPLABXProjects/Laboratorio2_2.X/ADCmain.c: 107:             break;
   924  0072  28C0               	goto	l150
   925  0073                     l159:	
   926                           ;../../../../../../MPLABXProjects/Laboratorio2_2.X/ADCmain.c: 108:         case 9:
   927                           
   928                           
   929                           ;../../../../../../MPLABXProjects/Laboratorio2_2.X/ADCmain.c: 109:             ADCON0bit
      +                          s.CHS0 = 1;
   930  0073  151F               	bsf	31,2	;volatile
   931                           
   932                           ;../../../../../../MPLABXProjects/Laboratorio2_2.X/ADCmain.c: 110:             ADCON0bit
      +                          s.CHS1 = 0;
   933  0074  119F               	bcf	31,3	;volatile
   934                           
   935                           ;../../../../../../MPLABXProjects/Laboratorio2_2.X/ADCmain.c: 111:             ADCON0bit
      +                          s.CHS2 = 0;
   936  0075  121F               	bcf	31,4	;volatile
   937                           
   938                           ;../../../../../../MPLABXProjects/Laboratorio2_2.X/ADCmain.c: 112:             ADCON0bit
      +                          s.CHS3 = 1;
   939  0076  169F               	bsf	31,5	;volatile
   940                           
   941                           ;../../../../../../MPLABXProjects/Laboratorio2_2.X/ADCmain.c: 113:             break;
   942  0077  28C0               	goto	l150
   943  0078                     l160:	
   944                           ;../../../../../../MPLABXProjects/Laboratorio2_2.X/ADCmain.c: 114:         case 10:
   945                           
   946                           
   947                           ;../../../../../../MPLABXProjects/Laboratorio2_2.X/ADCmain.c: 115:             ADCON0bit
      +                          s.CHS0 = 0;
   948  0078  111F               	bcf	31,2	;volatile
   949                           
   950                           ;../../../../../../MPLABXProjects/Laboratorio2_2.X/ADCmain.c: 116:             ADCON0bit
      +                          s.CHS1 = 1;
   951  0079  159F               	bsf	31,3	;volatile
   952                           
   953                           ;../../../../../../MPLABXProjects/Laboratorio2_2.X/ADCmain.c: 117:             ADCON0bit
      +                          s.CHS2 = 0;
   954  007A  121F               	bcf	31,4	;volatile
   955                           
   956                           ;../../../../../../MPLABXProjects/Laboratorio2_2.X/ADCmain.c: 118:             ADCON0bit
      +                          s.CHS3 = 1;
   957  007B  169F               	bsf	31,5	;volatile
   958                           
   959                           ;../../../../../../MPLABXProjects/Laboratorio2_2.X/ADCmain.c: 119:             break;
   960  007C  28C0               	goto	l150
   961  007D                     l161:	
   962                           ;../../../../../../MPLABXProjects/Laboratorio2_2.X/ADCmain.c: 120:         case 11:
   963                           
   964                           
   965                           ;../../../../../../MPLABXProjects/Laboratorio2_2.X/ADCmain.c: 121:             ADCON0bit
      +                          s.CHS0 = 1;
   966  007D  151F               	bsf	31,2	;volatile
   967                           
   968                           ;../../../../../../MPLABXProjects/Laboratorio2_2.X/ADCmain.c: 122:             ADCON0bit
      +                          s.CHS1 = 1;
   969  007E  159F               	bsf	31,3	;volatile
   970                           
   971                           ;../../../../../../MPLABXProjects/Laboratorio2_2.X/ADCmain.c: 123:             ADCON0bit
      +                          s.CHS2 = 0;
   972  007F  121F               	bcf	31,4	;volatile
   973                           
   974                           ;../../../../../../MPLABXProjects/Laboratorio2_2.X/ADCmain.c: 124:             ADCON0bit
      +                          s.CHS3 = 1;
   975  0080  169F               	bsf	31,5	;volatile
   976                           
   977                           ;../../../../../../MPLABXProjects/Laboratorio2_2.X/ADCmain.c: 125:             break;
   978  0081  28C0               	goto	l150
   979  0082                     l162:	
   980                           ;../../../../../../MPLABXProjects/Laboratorio2_2.X/ADCmain.c: 126:         case 12:
   981                           
   982                           
   983                           ;../../../../../../MPLABXProjects/Laboratorio2_2.X/ADCmain.c: 127:             ADCON0bit
      +                          s.CHS0 = 0;
   984  0082  111F               	bcf	31,2	;volatile
   985                           
   986                           ;../../../../../../MPLABXProjects/Laboratorio2_2.X/ADCmain.c: 128:             ADCON0bit
      +                          s.CHS1 = 0;
   987  0083  119F               	bcf	31,3	;volatile
   988                           
   989                           ;../../../../../../MPLABXProjects/Laboratorio2_2.X/ADCmain.c: 129:             ADCON0bit
      +                          s.CHS2 = 1;
   990  0084  161F               	bsf	31,4	;volatile
   991                           
   992                           ;../../../../../../MPLABXProjects/Laboratorio2_2.X/ADCmain.c: 130:             ADCON0bit
      +                          s.CHS3 = 1;
   993  0085  169F               	bsf	31,5	;volatile
   994                           
   995                           ;../../../../../../MPLABXProjects/Laboratorio2_2.X/ADCmain.c: 131:             break;
   996  0086  28C0               	goto	l150
   997  0087                     l163:	
   998                           ;../../../../../../MPLABXProjects/Laboratorio2_2.X/ADCmain.c: 132:         case 13:
   999                           
  1000                           
  1001                           ;../../../../../../MPLABXProjects/Laboratorio2_2.X/ADCmain.c: 133:             ADCON0bit
      +                          s.CHS0 = 1;
  1002  0087  151F               	bsf	31,2	;volatile
  1003                           
  1004                           ;../../../../../../MPLABXProjects/Laboratorio2_2.X/ADCmain.c: 134:             ADCON0bit
      +                          s.CHS1 = 0;
  1005  0088  119F               	bcf	31,3	;volatile
  1006                           
  1007                           ;../../../../../../MPLABXProjects/Laboratorio2_2.X/ADCmain.c: 135:             ADCON0bit
      +                          s.CHS2 = 1;
  1008  0089  161F               	bsf	31,4	;volatile
  1009                           
  1010                           ;../../../../../../MPLABXProjects/Laboratorio2_2.X/ADCmain.c: 136:             ADCON0bit
      +                          s.CHS3 = 1;
  1011  008A  169F               	bsf	31,5	;volatile
  1012                           
  1013                           ;../../../../../../MPLABXProjects/Laboratorio2_2.X/ADCmain.c: 137:             break;
  1014  008B  28C0               	goto	l150
  1015  008C                     l957:	
  1016  008C  0873               	movf	ADC_init@channel,w
  1017  008D  00F6               	movwf	??_ADC_init
  1018  008E  01F7               	clrf	??_ADC_init+1
  1019                           
  1020                           ; Switch on 2 bytes has been partitioned into a top level switch of size 1, and 1 sub-sw
      +                          itches
  1021                           ; Switch size 1, requested type "simple"
  1022                           ; Number of cases is 1, Range of values is 0 to 0
  1023                           ; switch strategies available:
  1024                           ; Name         Instructions Cycles
  1025                           ; simple_byte            4     3 (average)
  1026                           ; direct_byte           11     8 (fixed)
  1027                           ; jumptable            260     6 (fixed)
  1028                           ;	Chosen strategy is simple_byte
  1029  008F  0877               	movf	??_ADC_init+1,w
  1030  0090  3A00               	xorlw	0	; case 0
  1031  0091  1903               	skipnz
  1032  0092  2894               	goto	l1025
  1033  0093  28C0               	goto	l150
  1034  0094                     l1025:	
  1035                           
  1036                           ; Switch size 1, requested type "simple"
  1037                           ; Number of cases is 14, Range of values is 0 to 13
  1038                           ; switch strategies available:
  1039                           ; Name         Instructions Cycles
  1040                           ; simple_byte           43    22 (average)
  1041                           ; direct_byte           50     8 (fixed)
  1042                           ; jumptable            260     6 (fixed)
  1043                           ;	Chosen strategy is simple_byte
  1044  0094  0876               	movf	??_ADC_init,w
  1045  0095  3A00               	xorlw	0	; case 0
  1046  0096  1903               	skipnz
  1047  0097  2846               	goto	l149
  1048  0098  3A01               	xorlw	1	; case 1
  1049  0099  1903               	skipnz
  1050  009A  284B               	goto	l151
  1051  009B  3A03               	xorlw	3	; case 2
  1052  009C  1903               	skipnz
  1053  009D  2850               	goto	l152
  1054  009E  3A01               	xorlw	1	; case 3
  1055  009F  1903               	skipnz
  1056  00A0  2855               	goto	l153
  1057  00A1  3A07               	xorlw	7	; case 4
  1058  00A2  1903               	skipnz
  1059  00A3  285A               	goto	l154
  1060  00A4  3A01               	xorlw	1	; case 5
  1061  00A5  1903               	skipnz
  1062  00A6  285F               	goto	l155
  1063  00A7  3A03               	xorlw	3	; case 6
  1064  00A8  1903               	skipnz
  1065  00A9  2864               	goto	l156
  1066  00AA  3A01               	xorlw	1	; case 7
  1067  00AB  1903               	skipnz
  1068  00AC  2869               	goto	l157
  1069  00AD  3A0F               	xorlw	15	; case 8
  1070  00AE  1903               	skipnz
  1071  00AF  286E               	goto	l158
  1072  00B0  3A01               	xorlw	1	; case 9
  1073  00B1  1903               	skipnz
  1074  00B2  2873               	goto	l159
  1075  00B3  3A03               	xorlw	3	; case 10
  1076  00B4  1903               	skipnz
  1077  00B5  2878               	goto	l160
  1078  00B6  3A01               	xorlw	1	; case 11
  1079  00B7  1903               	skipnz
  1080  00B8  287D               	goto	l161
  1081  00B9  3A07               	xorlw	7	; case 12
  1082  00BA  1903               	skipnz
  1083  00BB  2882               	goto	l162
  1084  00BC  3A01               	xorlw	1	; case 13
  1085  00BD  1903               	skipnz
  1086  00BE  2887               	goto	l163
  1087  00BF  28C0               	goto	l150
  1088  00C0                     l150:	
  1089                           
  1090                           ;../../../../../../MPLABXProjects/Laboratorio2_2.X/ADCmain.c: 141:     ADCON0bits.ADON =
      +                           1;
  1091  00C0  141F               	bsf	31,0	;volatile
  1092  00C1                     l959:	
  1093                           
  1094                           ;../../../../../../MPLABXProjects/Laboratorio2_2.X/ADCmain.c: 142:     if (int_on == 1){
  1095  00C1  0374               	decf	ADC_init@int_on,w
  1096  00C2  1D03               	btfss	3,2
  1097  00C3  28C5               	goto	u151
  1098  00C4  28C6               	goto	u150
  1099  00C5                     u151:	
  1100  00C5  28CC               	goto	l963
  1101  00C6                     u150:	
  1102  00C6                     l961:	
  1103                           
  1104                           ;../../../../../../MPLABXProjects/Laboratorio2_2.X/ADCmain.c: 143:         PIR1bits.ADIF
      +                           = 0;
  1105  00C6  130C               	bcf	12,6	;volatile
  1106                           
  1107                           ;../../../../../../MPLABXProjects/Laboratorio2_2.X/ADCmain.c: 144:         PIE1bits.ADIE
      +                           = 1;
  1108  00C7  1683               	bsf	3,5	;RP0=1, select bank1
  1109  00C8  1303               	bcf	3,6	;RP1=0, select bank1
  1110  00C9  170C               	bsf	12,6	;volatile
  1111                           
  1112                           ;../../../../../../MPLABXProjects/Laboratorio2_2.X/ADCmain.c: 145:         INTCONbits.PE
      +                          IE = 1;
  1113  00CA  170B               	bsf	11,6	;volatile
  1114                           
  1115                           ;../../../../../../MPLABXProjects/Laboratorio2_2.X/ADCmain.c: 146:         INTCONbits.GI
      +                          E = 1;
  1116  00CB  178B               	bsf	11,7	;volatile
  1117  00CC                     l963:	
  1118                           
  1119                           ;../../../../../../MPLABXProjects/Laboratorio2_2.X/ADCmain.c: 148:     ADCON1bits.ADFM =
      +                           left_or_right;
  1120  00CC  0C75               	rrf	ADC_init@left_or_right,w
  1121  00CD  1683               	bsf	3,5	;RP0=1, select bank1
  1122  00CE  1303               	bcf	3,6	;RP1=0, select bank1
  1123  00CF  1C03               	skipc
  1124  00D0  139F               	bcf	31,7	;volatile
  1125  00D1  1803               	skipnc
  1126  00D2  179F               	bsf	31,7	;volatile
  1127  00D3                     l965:	
  1128                           
  1129                           ;../../../../../../MPLABXProjects/Laboratorio2_2.X/ADCmain.c: 149:     ADCON1bits.VCFG0 
      +                          = 0;
  1130  00D3  121F               	bcf	31,4	;volatile
  1131  00D4                     l967:	
  1132                           
  1133                           ;../../../../../../MPLABXProjects/Laboratorio2_2.X/ADCmain.c: 150:     ADCON1bits.VCFG1 
      +                          = 0;
  1134  00D4  129F               	bcf	31,5	;volatile
  1135  00D5                     l969:	
  1136                           
  1137                           ;../../../../../../MPLABXProjects/Laboratorio2_2.X/ADCmain.c: 151:     ADCON0bits.GO_DON
      +                          E = 1;
  1138  00D5  1283               	bcf	3,5	;RP0=0, select bank0
  1139  00D6  1303               	bcf	3,6	;RP1=0, select bank0
  1140  00D7  149F               	bsf	31,1	;volatile
  1141  00D8                     l165:	
  1142  00D8  0008               	return
  1143  00D9                     __end_of_ADC_init:	
  1144                           
  1145                           	psect	text3
  1146  00D9                     __ptext3:	
  1147 ;; *************** function _isr *****************
  1148 ;; Defined at:
  1149 ;;		line 33 in file "main_lab3.c"
  1150 ;; Parameters:    Size  Location     Type
  1151 ;;		None
  1152 ;; Auto vars:     Size  Location     Type
  1153 ;;		None
  1154 ;; Return value:  Size  Location     Type
  1155 ;;                  1    wreg      void 
  1156 ;; Registers used:
  1157 ;;		wreg
  1158 ;; Tracked objects:
  1159 ;;		On entry : 0/0
  1160 ;;		On exit  : 0/0
  1161 ;;		Unchanged: 0/0
  1162 ;; Data sizes:     COMMON   BANK0   BANK1   BANK3   BANK2
  1163 ;;      Params:         0       0       0       0       0
  1164 ;;      Locals:         0       0       0       0       0
  1165 ;;      Temps:          3       0       0       0       0
  1166 ;;      Totals:         3       0       0       0       0
  1167 ;;Total ram usage:        3 bytes
  1168 ;; Hardware stack levels used:    1
  1169 ;; This function calls:
  1170 ;;		Nothing
  1171 ;; This function is called by:
  1172 ;;		Interrupt level 1
  1173 ;; This function uses a non-reentrant model
  1174 ;;
  1175                           
  1176                           
  1177                           ;psect for function _isr
  1178  00D9                     _isr:	
  1179  00D9                     i1l889:	
  1180                           
  1181                           ;main_lab3.c: 34:     if (ADIF == 1){
  1182  00D9  1283               	bcf	3,5	;RP0=0, select bank0
  1183  00DA  1303               	bcf	3,6	;RP1=0, select bank0
  1184  00DB  1F0C               	btfss	12,6	;volatile
  1185  00DC  28DE               	goto	u13_21
  1186  00DD  28DF               	goto	u13_20
  1187  00DE                     u13_21:	
  1188  00DE  28EC               	goto	i1l107
  1189  00DF                     u13_20:	
  1190  00DF                     i1l891:	
  1191                           
  1192                           ;main_lab3.c: 35:         if (ADCON0bits.CHS0 == 0){
  1193  00DF  191F               	btfsc	31,2	;volatile
  1194  00E0  28E2               	goto	u14_21
  1195  00E1  28E3               	goto	u14_20
  1196  00E2                     u14_21:	
  1197  00E2  28E8               	goto	i1l895
  1198  00E3                     u14_20:	
  1199  00E3                     i1l893:	
  1200                           
  1201                           ;main_lab3.c: 36:             pot1 = ADRESH;
  1202  00E3  081E               	movf	30,w	;volatile
  1203  00E4  00F0               	movwf	??_isr
  1204  00E5  0870               	movf	??_isr,w
  1205  00E6  00FA               	movwf	_pot1
  1206                           
  1207                           ;main_lab3.c: 37:         }else{
  1208  00E7  28EC               	goto	i1l107
  1209  00E8                     i1l895:	
  1210                           
  1211                           ;main_lab3.c: 38:             pot2 = ADRESH;
  1212  00E8  081E               	movf	30,w	;volatile
  1213  00E9  00F0               	movwf	??_isr
  1214  00EA  0870               	movf	??_isr,w
  1215  00EB  00F9               	movwf	_pot2
  1216  00EC                     i1l107:	
  1217  00EC  0872               	movf	??_isr+2,w
  1218  00ED  008A               	movwf	10
  1219  00EE  0E71               	swapf	(??_isr+1)^(0+4294967168),w
  1220  00EF  0083               	movwf	3
  1221  00F0  0EFE               	swapf	btemp,f
  1222  00F1  0E7E               	swapf	btemp,w
  1223  00F2  0009               	retfie
  1224  00F3                     __end_of_isr:	
  1225  007E                     btemp	set	126	;btemp
  1226  007E                     wtemp0	set	126
  1227                           
  1228                           	psect	intentry
  1229  0004                     __pintentry:	
  1230                           ;incstack = 0
  1231                           ; Regs used in _isr: [wreg]
  1232                           
  1233  0004                     interrupt_function:	
  1234  007E                     saved_w	set	btemp
  1235  0004  00FE               	movwf	btemp
  1236  0005  0E03               	swapf	3,w
  1237  0006  00F1               	movwf	??_isr+1
  1238  0007  080A               	movf	10,w
  1239  0008  00F2               	movwf	??_isr+2
  1240  0009  120A  118A  28D9   	ljmp	_isr


Data Sizes:
    Strings     0
    Constant    0
    Data        0
    BSS         2
    Persistent  0
    Stack       0

Auto Spaces:
    Space          Size  Autos    Used
    COMMON           14      9      11
    BANK0            80      0       0
    BANK1            80      0       0
    BANK3            96      0       0
    BANK2            96      0       0

Pointer List with Targets:

    None.

Critical Paths under _main in COMMON

    _main->_ADC_init

Critical Paths under _isr in COMMON

    None.

Critical Paths under _main in BANK0

    None.

Critical Paths under _isr in BANK0

    None.

Critical Paths under _main in BANK1

    None.

Critical Paths under _isr in BANK1

    None.

Critical Paths under _main in BANK3

    None.

Critical Paths under _isr in BANK3

    None.

Critical Paths under _main in BANK2

    None.

Critical Paths under _isr in BANK2

    None.

Call Graph Tables:

 ---------------------------------------------------------------------------------
 (Depth) Function   	        Calls       Base Space   Used Autos Params    Refs
 ---------------------------------------------------------------------------------
 (0) _main                                                 0     0      0     316
                           _ADC_init
                          _Port_init
 ---------------------------------------------------------------------------------
 (1) _Port_init                                            0     0      0       0
 ---------------------------------------------------------------------------------
 (1) _ADC_init                                             6     3      3     316
                                              3 COMMON     6     3      3
 ---------------------------------------------------------------------------------
 Estimated maximum stack depth 1
 ---------------------------------------------------------------------------------
 (Depth) Function   	        Calls       Base Space   Used Autos Params    Refs
 ---------------------------------------------------------------------------------
 (2) _isr                                                  3     3      0       0
                                              0 COMMON     3     3      0
 ---------------------------------------------------------------------------------
 Estimated maximum stack depth 2
 ---------------------------------------------------------------------------------

 Call Graph Graphs:

 _main (ROOT)
   _ADC_init
   _Port_init

 _isr (ROOT)

 Address spaces:
Name               Size   Autos  Total    Cost      Usage
BITCOMMON            E      0       0       0        0.0%
EEDATA             100      0       0       0        0.0%
NULL                 0      0       0       0        0.0%
CODE                 0      0       0       0        0.0%
COMMON               E      9       B       1       78.6%
BITSFR0              0      0       0       1        0.0%
SFR0                 0      0       0       1        0.0%
BITSFR1              0      0       0       2        0.0%
SFR1                 0      0       0       2        0.0%
STACK                0      0       0       2        0.0%
ABS                  0      0       B       3        0.0%
BITBANK0            50      0       0       4        0.0%
BITSFR3              0      0       0       4        0.0%
SFR3                 0      0       0       4        0.0%
BANK0               50      0       0       5        0.0%
BITSFR2              0      0       0       5        0.0%
SFR2                 0      0       0       5        0.0%
BITBANK1            50      0       0       6        0.0%
BANK1               50      0       0       7        0.0%
BITBANK3            60      0       0       8        0.0%
BANK3               60      0       0       9        0.0%
BITBANK2            60      0       0      10        0.0%
BANK2               60      0       0      11        0.0%
DATA                 0      0       B      12        0.0%


Microchip Technology PIC Macro Assembler V2.10 build 88905656 
Symbol Table                                                                                   Sun Feb 09 20:21:31 2020

             __CFG_CP$OFF 0000                       l112 0118                       l113 0118  
                     l150 00C0                       l142 0017                       l118 0108  
                     l151 004B                       l160 0078                       l152 0050  
                     l144 001C                       l161 007D                       l153 0055  
                     l145 0021                       l162 0082                       l154 005A  
                     l146 0026                       l163 0087                       l155 005F  
                     l147 002B                       l156 0064                       l165 00D8  
                     l157 0069                       l149 0046                       l158 006E  
                     l159 0073                       l801 00FB                       l803 00FC  
                     l805 00FF                       l807 0102                       l809 0105  
                     l961 00C6                       l953 0030                       l963 00CC  
                     l795 00F3                       l965 00D3                       l957 008C  
                     l949 0016                       l797 00F7                       l981 010E  
                     l967 00D4                       l959 00C1                       l799 00FA  
                     l969 00D5                       l979 0109                       _RB0 0030  
                     _RB1 0031                       _RB2 0032                       _RB3 0033  
                     _RB4 0034                       _RB5 0035                       _RB6 0036  
                     _RB7 0037                       _RD5 0045                       _RD7 0047  
                     u150 00C6                       u151 00C5              __CFG_CPD$OFF 0000  
                     _isr 00D9              __CFG_LVP$OFF 0000                      l1023 0038  
                    l1025 0094                      _ADIF 0066                      ?_isr 0070  
            __CFG_WRT$OFF 0000                      _main 0109                      _pot1 007A  
                    _pot2 0079                      btemp 007E                      start 000C  
        __end_of_ADC_init 00D9             __CFG_IESO$OFF 0000                     ??_isr 0070  
                   ?_main 0070             __CFG_WDTE$OFF 0000                     i1l107 00EC  
                   i1l891 00DF                     i1l893 00E3                     i1l895 00E8  
                   i1l889 00D9                     u13_20 00DF                     u13_21 00DE  
                   u14_20 00E3                     u14_21 00E2                     _PORTB 0006  
                   _PORTD 0008                     _TRISA 0085                     _TRISB 0086  
                   _TRISD 0088            __CFG_FCMEN$OFF 0000            __CFG_BOREN$OFF 0000  
                   pclath 000A                     status 0003                     wtemp0 007E  
          __CFG_MCLRE$OFF 0000           __initialization 000F              __end_of_main 011C  
          ADC_init@int_on 0074                    ??_main 0079                    _ADRESH 001E  
                  _ANSELH 0189            __CFG_PWRTE$OFF 0000                    saved_w 007E  
      __size_of_Port_init 0016                 ?_ADC_init 0073   __end_of__initialization 0011  
          __pcstackCOMMON 0070           ADC_init@channel 0073                ??_ADC_init 0076  
       __end_of_Port_init 0109                __pmaintext 0109                __pintentry 0004  
   ADC_init@left_or_right 0075                 _ANSELbits 0188                   __ptext1 00F3  
                 __ptext2 0015                   __ptext3 00D9              __size_of_isr 001A  
    end_of_initialization 0011         __size_of_ADC_init 00C4              ADC_init@Fosc 0078  
     start_initialization 000F               __end_of_isr 00F3                 _Port_init 00F3  
             __pbssCOMMON 0079                 ___latbits 0002                ?_Port_init 0070  
                _ADC_init 0015         interrupt_function 0004                  _PIE1bits 008C  
__CFG_FOSC$EXTRC_NOCLKOUT 0000                  _PIR1bits 000C                _ADCON0bits 001F  
              _ADCON1bits 009F               ??_Port_init 0073         __CFG_BOR4V$BOR40V 0000  
           __size_of_main 0013                _INTCONbits 000B                  intlevel1 0000  
